<?xml version="1.0" encoding="UTF-8"?>
<!-- Generated by org.testng.reporters.JUnitReportReporter -->
<testsuite hostname="DESKTOP-8SP5G0H" failures="0" tests="2" name="testCases.LoginTest" time="4.077" errors="0" timestamp="2025-05-18T08:58:52 IST" skipped="0">
  <testcase classname="testCases.LoginTest" name="verify_login" time="2.199"/>
  <testcase classname="testCases.LoginTest" name="verify_login" time="1.878"/>
</testsuite> <!-- testCases.LoginTest -->
