<?xml version="1.0" encoding="UTF-8"?>
<!-- Generated by org.testng.reporters.JUnitReportReporter -->
<testsuite hostname="DESKTOP-8SP5G0H" failures="0" tests="2" name="testCases.LoginTest" time="3.766" errors="0" timestamp="2025-05-19T20:36:33 IST" skipped="0">
  <testcase classname="testCases.LoginTest" name="verify_login" time="1.853"/>
  <testcase classname="testCases.LoginTest" name="verify_login" time="1.913"/>
</testsuite> <!-- testCases.LoginTest -->
